<?xml version="1.0" encoding="UTF-8"?>
<!-- Generated by org.testng.reporters.JUnitXMLReporter -->
<testsuite ignored="0" hostname="mazidul-laptop" failures="0" tests="3" name="Free CRM App Test Cases" time="163.786" errors="0" timestamp="02 Dec 2023 17:30:50 GMT">
  <testcase classname="com.orangehrmlive.DashboardPageTest" name="logoutTest" time="3.049"/>
  <testcase classname="com.orangehrmlive.MyinfoPageTest" name="myInfoLinkTest" time="83.94"/>
  <testcase classname="com.orangehrmlive.LoginPageTest" name="loginTest" time="4.494"/>
</testsuite> <!-- Free CRM App Test Cases -->
